#
# There is insufficient memory for the Java Runtime Environment to continue.
# Native memory allocation (mmap) failed to map 201326592 bytes for Failed to commit area from 0x0000000741c00000 to 0x000000074dc00000 of length 201326592.
# Possible reasons:
#   The system is out of physical RAM or swap space
#   The process is running with CompressedOops enabled, and the Java Heap may be blocking the growth of the native heap
# Possible solutions:
#   Reduce memory load on the system
#   Increase physical memory or swap space
#   Check if swap backing store is full
#   Decrease Java heap size (-Xmx/-Xms)
#   Decrease number of Java threads
#   Decrease Java thread stack sizes (-Xss)
#   Set larger code cache with -XX:ReservedCodeCacheSize=
# This output file may be truncated or incomplete.
#
#  Out of Memory Error (t:/workspace/open/src/hotspot/os/windows/os_windows.cpp:3264), pid=16088, tid=6956
#
# JRE version:  (12.0.2+10) (build )
# Java VM: Java HotSpot(TM) 64-Bit Server VM (12.0.2+10, mixed mode, aot, sharing, tiered, compressed oops, g1 gc, windows-amd64)
# No core dump will be written. Minidumps are not enabled by default on client versions of Windows
#

---------------  S U M M A R Y ------------

Command Line: -Dclassworlds.conf=C:\Program Files\Maven\apache-maven-3.6.3\bin\..\bin\m2.conf -Dmaven.home=C:\Program Files\Maven\apache-maven-3.6.3\bin\.. -Dlibrary.jansi.path=C:\Program Files\Maven\apache-maven-3.6.3\bin\..\lib\jansi-native -Dmaven.multiModuleProjectDirectory=C:\Users\Администратор.000\IdeaProjects\Contacts_Patrusova org.codehaus.plexus.classworlds.launcher.Launcher clean install

Host: Intel(R) Core(TM) i5-3230M CPU @ 2.60GHz, 4 cores, 11G,  Windows 10 , 64 bit Build 18362 (10.0.18362.959)
Time: Tue Aug  4 16:34:25 2020 Aaea?onu (ceia) elapsed time: 0 seconds (0d 0h 0m 0s)

---------------  T H R E A D  ---------------

Current thread (0x000001f5ef31c000):  JavaThread "Unknown thread" [_thread_in_vm, id=6956, stack(0x0000009fe4200000,0x0000009fe4300000)]

Stack: [0x0000009fe4200000,0x0000009fe4300000]
Native frames: (J=compiled Java code, j=interpreted, Vv=VM code, C=native code)
V  [jvm.dll+0x63aa2a]
V  [jvm.dll+0x78ce1e]
V  [jvm.dll+0x78e4c1]
V  [jvm.dll+0x78eb13]
V  [jvm.dll+0x2627e8]
V  [jvm.dll+0x637f5a]
V  [jvm.dll+0x62c845]
V  [jvm.dll+0x31e49c]
V  [jvm.dll+0x31e2cf]
V  [jvm.dll+0x324006]
V  [jvm.dll+0x371f56]
V  [jvm.dll+0x371720]
V  [jvm.dll+0x2f845a]
V  [jvm.dll+0x2f96d2]
V  [jvm.dll+0x767267]
V  [jvm.dll+0x7689f5]
V  [jvm.dll+0x380059]
V  [jvm.dll+0x74b794]
V  [jvm.dll+0x3ef5cd]
V  [jvm.dll+0x3f1471]
C  [jli.dll+0x51cf]
C  [ucrtbase.dll+0x20e82]
C  [KERNEL32.DLL+0x17bd4]
C  [ntdll.dll+0x6ce51]


---------------  P R O C E S S  ---------------

Threads class SMR info:
_java_thread_list=0x00007ffdaef87928, length=0, elements={
}

Java Threads: ( => current thread )

Other Threads:
  0x000001f5ef36d800 GCTaskThread "GC Thread#0" [stack: 0x0000009fe4300000,0x0000009fe4400000] [id=14108]
  0x000001f5ef382000 ConcurrentGCThread "G1 Main Marker" [stack: 0x0000009fe4400000,0x0000009fe4500000] [id=15804]
  0x000001f5ef385000 ConcurrentGCThread "G1 Conc#0" [stack: 0x0000009fe4500000,0x0000009fe4600000] [id=16224]

[error occurred during error reporting (printing all threads), id 0xc0000005, EXCEPTION_ACCESS_VIOLATION (0xc0000005) at pc=0x00007ffdae7b85e7]

VM state:not at safepoint (not fully initialized)

VM Mutex/Monitor currently owned by a thread:  ([mutex/lock_event])
[0x000001f5ef317270] Heap_lock - owner thread: 0x000001f5ef31c000

Heap address: 0x0000000741c00000, size: 3044 MB, Compressed Oops mode: Non-zero based: 0x0000000741c00000
Narrow klass base: 0x0000000000000000, Narrow klass shift: 0

GC Heap History (0 events):
No events

Deoptimization events (0 events):
No events

Classes redefined (0 events):
No events

Internal exceptions (0 events):
No events

Events (0 events):
No events


Dynamic libraries:
0x00007ff65a4c0000 - 0x00007ff65a4cf000 	C:\Program Files\Java\jdk-12.0.2\bin\java.exe
0x00007ffdec940000 - 0x00007ffdecb30000 	C:\WINDOWS\SYSTEM32\ntdll.dll
0x00007ffdec730000 - 0x00007ffdec7e2000 	C:\WINDOWS\System32\KERNEL32.DLL
0x00007ffdea350000 - 0x00007ffdea5f4000 	C:\WINDOWS\System32\KERNELBASE.dll
0x00007ffdea870000 - 0x00007ffdea96a000 	C:\WINDOWS\System32\ucrtbase.dll
0x00007ffde77f0000 - 0x00007ffde7808000 	C:\Program Files\Java\jdk-12.0.2\bin\jli.dll
0x00007ffde6120000 - 0x00007ffde6136000 	C:\Program Files\Java\jdk-12.0.2\bin\VCRUNTIME140.dll
0x00007ffdeaa90000 - 0x00007ffdeab33000 	C:\WINDOWS\System32\ADVAPI32.dll
0x00007ffdebf30000 - 0x00007ffdebfce000 	C:\WINDOWS\System32\msvcrt.dll
0x00007ffdea9f0000 - 0x00007ffdeaa87000 	C:\WINDOWS\System32\sechost.dll
0x00007ffdebb60000 - 0x00007ffdebc80000 	C:\WINDOWS\System32\RPCRT4.dll
0x00007ffdebce0000 - 0x00007ffdebe74000 	C:\WINDOWS\System32\USER32.dll
0x00007ffde98c0000 - 0x00007ffde98e1000 	C:\WINDOWS\System32\win32u.dll
0x00007ffdec7f0000 - 0x00007ffdec816000 	C:\WINDOWS\System32\GDI32.dll
0x00007ffdddf40000 - 0x00007ffdde1c4000 	C:\WINDOWS\WinSxS\amd64_microsoft.windows.common-controls_6595b64144ccf1df_6.0.18362.959_none_e6c7bbbf130c62bb\COMCTL32.dll
0x00007ffdea670000 - 0x00007ffdea806000 	C:\WINDOWS\System32\gdi32full.dll
0x00007ffdea2b0000 - 0x00007ffdea34e000 	C:\WINDOWS\System32\msvcp_win.dll
0x00007ffdead40000 - 0x00007ffdeb075000 	C:\WINDOWS\System32\combase.dll
0x00007ffdea970000 - 0x00007ffdea9f0000 	C:\WINDOWS\System32\bcryptPrimitives.dll
0x00007ffde04d0000 - 0x00007ffde04da000 	C:\WINDOWS\SYSTEM32\VERSION.dll
0x00007ffdeab40000 - 0x00007ffdeab6e000 	C:\WINDOWS\System32\IMM32.DLL
0x00007ffdd5560000 - 0x00007ffdd560a000 	C:\Program Files\Java\jdk-12.0.2\bin\msvcp140.dll
0x00007ffdae4b0000 - 0x00007ffdaf027000 	C:\Program Files\Java\jdk-12.0.2\bin\server\jvm.dll
0x00007ffdead30000 - 0x00007ffdead38000 	C:\WINDOWS\System32\PSAPI.DLL
0x00007ffde72c0000 - 0x00007ffde72e4000 	C:\WINDOWS\SYSTEM32\WINMM.dll
0x00007ffdaf2b0000 - 0x00007ffdaf2b9000 	C:\WINDOWS\SYSTEM32\WSOCK32.dll
0x00007ffdeb400000 - 0x00007ffdeb46f000 	C:\WINDOWS\System32\WS2_32.dll
0x00007ffde7290000 - 0x00007ffde72bd000 	C:\WINDOWS\SYSTEM32\WINMMBASE.dll
0x00007ffdea600000 - 0x00007ffdea64a000 	C:\WINDOWS\System32\cfgmgr32.dll
0x00007ffde98a0000 - 0x00007ffde98b1000 	C:\WINDOWS\System32\kernel.appcore.dll
0x00007ffdad180000 - 0x00007ffdad191000 	C:\Program Files\Java\jdk-12.0.2\bin\verify.dll
0x00007ffddfcd0000 - 0x00007ffddfec4000 	C:\WINDOWS\SYSTEM32\DBGHELP.DLL
0x00007ffde02a0000 - 0x00007ffde02ca000 	C:\WINDOWS\SYSTEM32\dbgcore.DLL
0x00007ffdad150000 - 0x00007ffdad176000 	C:\Program Files\Java\jdk-12.0.2\bin\java.dll
0x00007ffdad130000 - 0x00007ffdad147000 	C:\Program Files\Java\jdk-12.0.2\bin\zip.dll
0x00007ffdad120000 - 0x00007ffdad12a000 	C:\Program Files\Java\jdk-12.0.2\bin\jimage.dll

dbghelp: loaded successfully - version: 4.0.5 - missing functions: none
symbol engine: initialized successfully - sym options: 0x614 - pdb path: .;C:\Program Files\Java\jdk-12.0.2\bin;C:\WINDOWS\SYSTEM32;C:\WINDOWS\WinSxS\amd64_microsoft.windows.common-controls_6595b64144ccf1df_6.0.18362.959_none_e6c7bbbf130c62bb;C:\Program Files\Java\jdk-12.0.2\bin\server

VM Arguments:
jvm_args: -Dclassworlds.conf=C:\Program Files\Maven\apache-maven-3.6.3\bin\..\bin\m2.conf -Dmaven.home=C:\Program Files\Maven\apache-maven-3.6.3\bin\.. -Dlibrary.jansi.path=C:\Program Files\Maven\apache-maven-3.6.3\bin\..\lib\jansi-native -Dmaven.multiModuleProjectDirectory=C:\Users\Администратор.000\IdeaProjects\Contacts_Patrusova 
java_command: org.codehaus.plexus.classworlds.launcher.Launcher clean install
java_class_path (initial): C:\Program Files\Maven\apache-maven-3.6.3\bin\..\boot\plexus-classworlds-2.6.0.jar
Launcher Type: SUN_STANDARD

[Global flags]
     intx CICompilerCount                          = 3                                         {product} {ergonomic}
     uint ConcGCThreads                            = 1                                         {product} {ergonomic}
     uint G1ConcRefinementThreads                  = 4                                         {product} {ergonomic}
   size_t G1HeapRegionSize                         = 1048576                                   {product} {ergonomic}
    uintx GCDrainStackTargetSize                   = 64                                        {product} {ergonomic}
   size_t InitialHeapSize                          = 201326592                                 {product} {ergonomic}
   size_t MarkStackSize                            = 4194304                                   {product} {ergonomic}
   size_t MaxHeapSize                              = 3191865344                                {product} {ergonomic}
   size_t MinHeapDeltaBytes                        = 1048576                                   {product} {ergonomic}
    uintx NonNMethodCodeHeapSize                   = 5830732                                {pd product} {ergonomic}
    uintx NonProfiledCodeHeapSize                  = 122913754                              {pd product} {ergonomic}
    uintx ProfiledCodeHeapSize                     = 122913754                              {pd product} {ergonomic}
    uintx ReservedCodeCacheSize                    = 251658240                              {pd product} {ergonomic}
     bool SegmentedCodeCache                       = true                                      {product} {ergonomic}
     bool UseCompressedClassPointers               = true                                 {lp64_product} {ergonomic}
     bool UseCompressedOops                        = true                                 {lp64_product} {ergonomic}
     bool UseG1GC                                  = true                                      {product} {ergonomic}
     bool UseLargePagesIndividualAllocation        = false                                  {pd product} {ergonomic}

Logging:
Log output configuration:
 #0: stdout all=warning uptime,level,tags
 #1: stderr all=off uptime,level,tags

Environment Variables:
JAVA_HOME=C:\Program Files\Java\jdk-12.0.2\
CLASSPATH=C:\Program Files\Java\jdk-12.0.2\lib;C:\Users\Администратор.000\IdeaProjects\EpamTrainingTasks;mysql-connector-java-8.0.19.jar;C:\Users\Администратор.000\IdeaProjects\CleaningAgencyProject;C:\Users\Администратор.000\IdeaProjects\EpamTrainingTasks\out\production\EpamTrainingTasks;C:\Users\Администратор.000\IdeaProjects\CleaningAgencyProject\out\production\CleaningAgencyProject;C:\Program Files\Java\jdk1.8.0_241\lib;C:\Program Files\Java\jre1.8.0_251\lib;C:\Program Files\Apache Software Foundation\Tomcat 9.0\lib;C:\Users\Администратор.000\IdeaProjects\Pics;
PATH=C:\Program Files (x86)\Common Files\Oracle\Java\javapath;C:\WINDOWS\system32;C:\WINDOWS;C:\WINDOWS\System32\Wbem;C:\WINDOWS\System32\WindowsPowerShell\v1.0\;C:\Users\Администратор.000\AppData\Local\Microsoft\WindowsApps;C:\adb;C:\WINDOWS\System32\OpenSSH\;C:\Program Files\dotnet\;C:\Program Files\Microsoft SQL Server\Client SDK\ODBC\170\Tools\Binn\;C:\Program Files\Java\jdk-12.0.2\bin\;C:\Program Files\Microsoft SQL Server\Client SDK\ODBC\130\Tools\Binn\;C:\Program Files (x86)\Microsoft SQL Server\140\Tools\Binn\;C:\Program Files\Microsoft SQL Server\140\Tools\Binn\;C:\Program Files\Microsoft SQL Server\140\DTS\Binn\;C:\Program Files\Microsoft SQL Server\130\Tools\Binn\;C:\Program Files\Microsoft SQL Server\120\DTS\Binn\;C:\Program Files\Microsoft SQL Server\Client SDK\ODBC\110\Tools\Binn\;C:\Program Files (x86)\Microsoft SQL Server\120\Tools\Binn\;C:\Program Files\Microsoft SQL Server\120\Tools\Binn\;C:\Program Files (x86)\Microsoft SQL Server\120\Tools\Binn\ManagementStudio\;C:\Program Files (x86)\Microsoft SQL Server\120\DTS\Binn\;C:\Program Files\Git\cmd;C:\Program Files (x86)\NVIDIA Corporation\PhysX\Common;C:\WINDOWS\system32;C:\WINDOWS;C:\WINDOWS\System32\Wbem;C:\WINDOWS\System32\WindowsPowerShell\v1.0\;C:\WINDOWS\System32\OpenSSH\;C:\Program Files (x86)\Rational\common;C:\Program Files\Maven\apache-maven-3.6.3\bin;;C:\Program Files\Docker\Docker\resources\bin;C:\ProgramData\DockerDesktop\version-bin;C:\Program Files\MySQL\MySQL Shell 8.0\bin\;C:\Users\Администратор.000\AppData\Local\Microsoft\WindowsApps;C:\Program Files\JetBrains\IntelliJ IDEA Community Edition 2019.2\bin;C:\Program Files\Java\jdk-12.0.2\bin\;C:\Program Files\JetBrains\IntelliJ IDEA 2020\bin;C:\Program Files\Maven\apache-maven-3.6.3\bin;C:\Users\Администратор.000\AppData\Local\atom\bin;C:\Users\Администратор.000\.dotnet\tools
USERNAME=Администратор
OS=Windows_NT
PROCESSOR_IDENTIFIER=Intel64 Family 6 Model 58 Stepping 9, GenuineIntel



---------------  S Y S T E M  ---------------

OS: Windows 10 , 64 bit Build 18362 (10.0.18362.959)

CPU:total 4 (initial active 4) (2 cores per cpu, 2 threads per core) family 6 model 58 stepping 9, cmov, cx8, fxsr, mmx, sse, sse2, sse3, ssse3, sse4.1, sse4.2, popcnt, avx, aes, clmul, erms, ht, tsc, tscinvbit, tscinv

Memory: 4k page, system-wide physical 12170M (3401M free)
TotalPageFile size 13194M (AvailPageFile size 174M)
current process WorkingSet (physical memory assigned to process): 10M, peak: 10M
current process commit charge ("private bytes"): 52M, peak: 244M

vm_info: Java HotSpot(TM) 64-Bit Server VM (12.0.2+10) for windows-amd64 JRE (12.0.2+10), built on Jul 16 2019 01:56:17 by "mach5one" with MS VC++ 15.5 (VS2017)

END.
